[train] ep=   0 step=    250 return= -73.815 len=250 success=False alpha=nan recon=nan
[train] ep=   1 step=    500 return= -71.685 len=250 success=False alpha=nan recon=nan
[train] ep=   2 step=    750 return= -80.197 len=250 success=False alpha=nan recon=nan
[train] ep=   3 step=   1000 return=-104.948 len=250 success=False alpha=0.1001 recon=0.09416
[train] ep=   4 step=   1250 return= -96.523 len=250 success=False alpha=0.0889 recon=0.00330
[train] ep=   5 step=   1500 return=-129.093 len=250 success=False alpha=0.0791 recon=0.00230
[train] ep=   6 step=   1750 return= -65.601 len=250 success=False alpha=0.0709 recon=0.00203
[train] ep=   7 step=   2000 return= -84.595 len=250 success=False alpha=0.0639 recon=0.00188
[train] ep=   8 step=   2250 return=-101.645 len=250 success=False alpha=0.0579 recon=0.00172
[train] ep=   9 step=   2500 return= -81.373 len=250 success=False alpha=0.0526 recon=0.00285
[train] ep=  10 step=   2750 return=-127.378 len=250 success=False alpha=0.0480 recon=0.00185
[train] ep=  11 step=   3000 return=-116.381 len=250 success=False alpha=0.0440 recon=0.00122
[train] ep=  12 step=   3250 return=-124.719 len=250 success=False alpha=0.0404 recon=0.00109
[train] ep=  13 step=   3500 return= -98.574 len=250 success=False alpha=0.0372 recon=0.00117
[train] ep=  14 step=   3750 return=-159.415 len=250 success=False alpha=0.0343 recon=0.00123
[train] ep=  15 step=   4000 return=-136.615 len=250 success=False alpha=0.0318 recon=0.00129
[train] ep=  16 step=   4250 return= -96.551 len=250 success=False alpha=0.0295 recon=0.00168
[train] ep=  17 step=   4500 return= -94.867 len=250 success=False alpha=0.0274 recon=0.00147
[train] ep=  18 step=   4750 return= -77.495 len=250 success=False alpha=0.0255 recon=0.00169
[train] ep=  19 step=   5000 return=-103.118 len=250 success=False alpha=0.0238 recon=0.00125
[train] ep=  20 step=   5250 return= -90.606 len=250 success=False alpha=0.0222 recon=0.00160
[train] ep=  21 step=   5500 return=-105.249 len=250 success=False alpha=0.0208 recon=0.00121
[train] ep=  22 step=   5750 return=-133.266 len=250 success=False alpha=0.0194 recon=0.00157
[train] ep=  23 step=   6000 return=-102.547 len=250 success=False alpha=0.0182 recon=0.00131
[train] ep=  24 step=   6250 return=-118.237 len=250 success=False alpha=0.0171 recon=0.00111
[train] ep=  25 step=   6500 return=-131.452 len=250 success=False alpha=0.0161 recon=0.00141
[train] ep=  26 step=   6750 return=-123.557 len=250 success=False alpha=0.0151 recon=0.00165
[train] ep=  27 step=   7000 return= -71.373 len=250 success=False alpha=0.0142 recon=0.00131
[train] ep=  28 step=   7250 return=-107.763 len=250 success=False alpha=0.0134 recon=0.00144
[train] ep=  29 step=   7500 return=-112.119 len=250 success=False alpha=0.0128 recon=0.00083
[train] ep=  30 step=   7750 return=-147.289 len=250 success=False alpha=0.0122 recon=0.00089
[train] ep=  31 step=   8000 return= -79.526 len=250 success=False alpha=0.0116 recon=0.00144
[train] ep=  32 step=   8250 return=-127.609 len=250 success=False alpha=0.0109 recon=0.00134
[train] ep=  33 step=   8500 return=-104.145 len=250 success=False alpha=0.0104 recon=0.00144
[train] ep=  34 step=   8750 return=-149.572 len=250 success=False alpha=0.0100 recon=0.00096
[train] ep=  35 step=   9000 return=-128.325 len=250 success=False alpha=0.0097 recon=0.00084
[train] ep=  36 step=   9250 return= -92.420 len=250 success=False alpha=0.0094 recon=0.00126
[train] ep=  37 step=   9500 return=-109.994 len=250 success=False alpha=0.0090 recon=0.00108
[train] ep=  38 step=   9750 return=-112.837 len=250 success=False alpha=0.0087 recon=0.00159
[eval] step=  10000 reward=-101.706 success=  0.0%
[train] ep=  39 step=  10000 return=-111.407 len=250 success=False alpha=0.0084 recon=0.00158
[train] ep=  40 step=  10250 return= -65.355 len=250 success=False alpha=0.0082 recon=0.00161
[train] ep=  41 step=  10500 return=-108.893 len=250 success=False alpha=0.0079 recon=0.00154
[train] ep=  42 step=  10750 return= -85.349 len=250 success=False alpha=0.0077 recon=0.00146
[train] ep=  43 step=  11000 return= -67.445 len=250 success=False alpha=0.0077 recon=0.00137
[train] ep=  44 step=  11250 return=-115.832 len=250 success=False alpha=0.0075 recon=0.00150
[train] ep=  45 step=  11500 return=-122.370 len=250 success=False alpha=0.0075 recon=0.00152
[train] ep=  46 step=  11750 return= -99.444 len=250 success=False alpha=0.0075 recon=0.00158
[train] ep=  47 step=  12000 return=-108.807 len=250 success=False alpha=0.0076 recon=0.00156
[train] ep=  48 step=  12250 return= -83.999 len=250 success=False alpha=0.0077 recon=0.00166
[train] ep=  49 step=  12500 return= -77.948 len=250 success=False alpha=0.0079 recon=0.00158
[train] ep=  50 step=  12750 return=-146.939 len=250 success=False alpha=0.0080 recon=0.00170
[train] ep=  51 step=  13000 return= -97.760 len=250 success=False alpha=0.0082 recon=0.00175
[train] ep=  52 step=  13250 return= -81.914 len=250 success=False alpha=0.0089 recon=0.00162
[train] ep=  53 step=  13500 return=-122.802 len=250 success=False alpha=0.0092 recon=0.00162
[train] ep=  54 step=  13750 return=-120.659 len=250 success=False alpha=0.0098 recon=0.00162
[train] ep=  55 step=  14000 return=-146.579 len=250 success=False alpha=0.0108 recon=0.00153
[train] ep=  56 step=  14250 return=-132.317 len=250 success=False alpha=0.0121 recon=0.00141
[train] ep=  57 step=  14500 return=-121.503 len=250 success=False alpha=0.0139 recon=0.00145
[train] ep=  58 step=  14750 return=-103.923 len=250 success=False alpha=0.0155 recon=0.00141
[train] ep=  59 step=  15000 return=-112.735 len=250 success=False alpha=0.0184 recon=0.00146
[train] ep=  60 step=  15250 return=-111.658 len=250 success=False alpha=0.0219 recon=0.00155
[train] ep=  61 step=  15500 return=-101.360 len=250 success=False alpha=0.0253 recon=0.00149
[train] ep=  62 step=  15750 return=-102.775 len=250 success=False alpha=0.0289 recon=0.00148
[train] ep=  63 step=  16000 return=-137.403 len=250 success=False alpha=0.0326 recon=0.00150
[train] ep=  64 step=  16250 return= -94.172 len=250 success=False alpha=0.0410 recon=0.00153
[train] ep=  65 step=  16500 return= -93.509 len=250 success=False alpha=0.0520 recon=0.00165
[train] ep=  66 step=  16750 return=-127.064 len=250 success=False alpha=0.0563 recon=0.00167
[train] ep=  67 step=  17000 return= -98.180 len=250 success=False alpha=0.0840 recon=0.00147
[train] ep=  68 step=  17250 return= -79.913 len=250 success=False alpha=0.0877 recon=0.00155
[train] ep=  69 step=  17500 return=-101.633 len=250 success=False alpha=0.0947 recon=0.00149
[train] ep=  70 step=  17750 return=-150.871 len=250 success=False alpha=0.0998 recon=0.00152
[train] ep=  71 step=  18000 return=-131.452 len=250 success=False alpha=0.1004 recon=0.00158
[train] ep=  72 step=  18250 return=-115.789 len=250 success=False alpha=0.1030 recon=0.00155
[train] ep=  73 step=  18500 return= -99.398 len=250 success=False alpha=0.1050 recon=0.00145
[train] ep=  74 step=  18750 return=-125.458 len=250 success=False alpha=0.1266 recon=0.00136
[train] ep=  75 step=  19000 return=-109.344 len=250 success=False alpha=0.1875 recon=0.00143
[train] ep=  76 step=  19250 return=-127.481 len=250 success=False alpha=0.1898 recon=0.00114
[train] ep=  77 step=  19500 return=-136.632 len=250 success=False alpha=0.1898 recon=0.00129
[train] ep=  78 step=  19750 return=-105.278 len=250 success=False alpha=0.1878 recon=0.00144
[eval] step=  20000 reward=-104.997 success=  0.0%
[train] ep=  79 step=  20000 return=-133.295 len=250 success=False alpha=0.1887 recon=0.00148
[train] ep=  80 step=  20250 return=-134.089 len=250 success=False alpha=0.1848 recon=0.00170
[train] ep=  81 step=  20500 return= -91.524 len=250 success=False alpha=0.1775 recon=0.00176
[train] ep=  82 step=  20750 return=-107.621 len=250 success=False alpha=0.1717 recon=0.00171
[train] ep=  83 step=  21000 return= -83.139 len=250 success=False alpha=0.1688 recon=0.00171
[train] ep=  84 step=  21250 return= -87.062 len=250 success=False alpha=0.1683 recon=0.00164
[train] ep=  85 step=  21500 return=-141.800 len=250 success=False alpha=0.1697 recon=0.00163
[train] ep=  86 step=  21750 return=-153.189 len=250 success=False alpha=0.1661 recon=0.00175
[train] ep=  87 step=  22000 return=-117.942 len=250 success=False alpha=0.1762 recon=0.00196
[train] ep=  88 step=  22250 return=-132.574 len=250 success=False alpha=0.1794 recon=0.00200
[train] ep=  89 step=  22500 return=-148.883 len=250 success=False alpha=0.1788 recon=0.00197
[train] ep=  90 step=  22750 return=-105.263 len=250 success=False alpha=0.1878 recon=0.00191
[train] ep=  91 step=  23000 return= -74.286 len=250 success=False alpha=0.1948 recon=0.00193
[train] ep=  92 step=  23250 return= -79.559 len=250 success=False alpha=0.2075 recon=0.00196
[train] ep=  93 step=  23500 return=-108.700 len=250 success=False alpha=0.2171 recon=0.00194
[train] ep=  94 step=  23750 return= -97.926 len=250 success=False alpha=0.2299 recon=0.00194
[train] ep=  95 step=  24000 return= -84.290 len=250 success=False alpha=0.2450 recon=0.00201
[train] ep=  96 step=  24250 return= -89.663 len=250 success=False alpha=0.2718 recon=0.00192
[train] ep=  97 step=  24500 return=-100.103 len=250 success=False alpha=0.2730 recon=0.00198
[train] ep=  98 step=  24750 return= -67.322 len=250 success=False alpha=0.2360 recon=0.00196
[train] ep=  99 step=  25000 return= -58.362 len=250 success=False alpha=0.2085 recon=0.00200
[train] ep= 100 step=  25250 return= -99.922 len=250 success=False alpha=0.2006 recon=0.00199
[train] ep= 101 step=  25500 return= -72.935 len=250 success=False alpha=0.1931 recon=0.00195
[train] ep= 102 step=  25750 return= -97.950 len=250 success=False alpha=0.1859 recon=0.00195
[train] ep= 103 step=  26000 return=-125.654 len=250 success=False alpha=0.1698 recon=0.00196
[train] ep= 104 step=  26250 return=-124.687 len=250 success=False alpha=0.1552 recon=0.00199
[train] ep= 105 step=  26500 return=-156.863 len=250 success=False alpha=0.1431 recon=0.00195
[train] ep= 106 step=  26750 return=-114.908 len=250 success=False alpha=0.1628 recon=0.00198
[train] ep= 107 step=  27000 return=-123.346 len=250 success=False alpha=0.1727 recon=0.00195
[train] ep= 108 step=  27250 return=-124.544 len=250 success=False alpha=0.1851 recon=0.00198
[train] ep= 109 step=  27500 return=-130.335 len=250 success=False alpha=0.1854 recon=0.00197
[train] ep= 110 step=  27750 return=-140.657 len=250 success=False alpha=0.2019 recon=0.00196
[train] ep= 111 step=  28000 return=-108.421 len=250 success=False alpha=0.2237 recon=0.00199
[train] ep= 112 step=  28250 return=-138.105 len=250 success=False alpha=0.2327 recon=0.00197
[train] ep= 113 step=  28500 return=-146.547 len=250 success=False alpha=0.2099 recon=0.00200
[train] ep= 114 step=  28750 return=-138.175 len=250 success=False alpha=0.1951 recon=0.00196
[train] ep= 115 step=  29000 return=-120.819 len=250 success=False alpha=0.1941 recon=0.00201
[train] ep= 116 step=  29250 return=-127.427 len=250 success=False alpha=0.2238 recon=0.00193
[train] ep= 117 step=  29500 return=-150.525 len=250 success=False alpha=0.2237 recon=0.00198
[train] ep= 118 step=  29750 return=-142.850 len=250 success=False alpha=0.1856 recon=0.00197
[eval] step=  30000 reward= -91.942 success=  0.0%
[train] ep= 119 step=  30000 return= -83.040 len=250 success=False alpha=0.1586 recon=0.00193
[train] ep= 120 step=  30250 return=-114.130 len=250 success=False alpha=0.1416 recon=0.00201
[train] ep= 121 step=  30500 return=-111.727 len=250 success=False alpha=0.1258 recon=0.00200
[train] ep= 122 step=  30750 return= -93.970 len=250 success=False alpha=0.1241 recon=0.00197
[train] ep= 123 step=  31000 return= -93.320 len=250 success=False alpha=0.1316 recon=0.00201
[train] ep= 124 step=  31250 return= -88.553 len=250 success=False alpha=0.1442 recon=0.00201
[train] ep= 125 step=  31500 return=-110.377 len=250 success=False alpha=0.1390 recon=0.00199
[train] ep= 126 step=  31750 return= -84.380 len=250 success=False alpha=0.1410 recon=0.00196
[train] ep= 127 step=  32000 return= -86.137 len=250 success=False alpha=0.1307 recon=0.00199
[train] ep= 128 step=  32250 return= -86.566 len=250 success=False alpha=0.1156 recon=0.00205
[train] ep= 129 step=  32500 return=-106.395 len=250 success=False alpha=0.1059 recon=0.00201
[train] ep= 130 step=  32750 return= -97.589 len=250 success=False alpha=0.1142 recon=0.00200
[train] ep= 131 step=  33000 return=-100.604 len=250 success=False alpha=0.1211 recon=0.00199
[train] ep= 132 step=  33250 return=-106.060 len=250 success=False alpha=0.1260 recon=0.00203
[train] ep= 133 step=  33500 return=-100.790 len=250 success=False alpha=0.1312 recon=0.00202
[train] ep= 134 step=  33750 return=-154.660 len=250 success=False alpha=0.1255 recon=0.00204
[train] ep= 135 step=  34000 return=-120.233 len=250 success=False alpha=0.1276 recon=0.00206
[train] ep= 136 step=  34250 return= -86.070 len=250 success=False alpha=0.1279 recon=0.00204
[train] ep= 137 step=  34500 return= -91.794 len=250 success=False alpha=0.1278 recon=0.00207
[train] ep= 138 step=  34750 return= -89.344 len=250 success=False alpha=0.1272 recon=0.00205
[train] ep= 139 step=  35000 return=-105.373 len=250 success=False alpha=0.1340 recon=0.00203
[train] ep= 140 step=  35250 return= -99.550 len=250 success=False alpha=0.1300 recon=0.00199
[train] ep= 141 step=  35500 return=-108.823 len=250 success=False alpha=0.1358 recon=0.00205
[train] ep= 142 step=  35750 return=-110.273 len=250 success=False alpha=0.1425 recon=0.00199
[train] ep= 143 step=  36000 return=-119.908 len=250 success=False alpha=0.1433 recon=0.00199
[train] ep= 144 step=  36250 return=-132.947 len=250 success=False alpha=0.1473 recon=0.00205
[train] ep= 145 step=  36500 return=-120.967 len=250 success=False alpha=0.1410 recon=0.00207
[train] ep= 146 step=  36750 return= -81.084 len=250 success=False alpha=0.1313 recon=0.00202
[train] ep= 147 step=  37000 return=-126.355 len=250 success=False alpha=0.1368 recon=0.00201
[train] ep= 148 step=  37250 return=-102.716 len=250 success=False alpha=0.1416 recon=0.00210
[train] ep= 149 step=  37500 return=-100.201 len=250 success=False alpha=0.1215 recon=0.00207
[train] ep= 150 step=  37750 return=-167.566 len=250 success=False alpha=0.1209 recon=0.00204
[train] ep= 151 step=  38000 return=-121.073 len=250 success=False alpha=0.1268 recon=0.00202
[train] ep= 152 step=  38250 return=-125.571 len=250 success=False alpha=0.1344 recon=0.00207
[train] ep= 153 step=  38500 return=-110.242 len=250 success=False alpha=0.1241 recon=0.00206
[train] ep= 154 step=  38750 return= -94.299 len=250 success=False alpha=0.1179 recon=0.00205
[train] ep= 155 step=  39000 return=-113.390 len=250 success=False alpha=0.1162 recon=0.00199
[train] ep= 156 step=  39250 return= -71.292 len=250 success=False alpha=0.1280 recon=0.00209
[train] ep= 157 step=  39500 return= -85.100 len=250 success=False alpha=0.1491 recon=0.00202
[train] ep= 158 step=  39750 return=-121.960 len=250 success=False alpha=0.1570 recon=0.00204
[eval] step=  40000 reward=-100.463 success=  0.0%
[train] ep= 159 step=  40000 return= -91.409 len=250 success=False alpha=0.1683 recon=0.00205
[train] ep= 160 step=  40250 return= -87.504 len=250 success=False alpha=0.1713 recon=0.00203
[train] ep= 161 step=  40500 return= -89.858 len=250 success=False alpha=0.1576 recon=0.00202
[train] ep= 162 step=  40750 return= -94.369 len=250 success=False alpha=0.1365 recon=0.00209
[train] ep= 163 step=  41000 return= -91.888 len=250 success=False alpha=0.1134 recon=0.00203
[train] ep= 164 step=  41250 return= -84.196 len=250 success=False alpha=0.1040 recon=0.00203
[train] ep= 165 step=  41500 return=-101.286 len=250 success=False alpha=0.0991 recon=0.00208
[train] ep= 166 step=  41750 return= -67.348 len=250 success=False alpha=0.1043 recon=0.00207
[train] ep= 167 step=  42000 return= -84.423 len=250 success=False alpha=0.1074 recon=0.00201
[train] ep= 168 step=  42250 return= -85.445 len=250 success=False alpha=0.0880 recon=0.00208
[train] ep= 169 step=  42500 return= -87.510 len=250 success=False alpha=0.0814 recon=0.00209
[train] ep= 170 step=  42750 return=-105.999 len=250 success=False alpha=0.0807 recon=0.00201
[train] ep= 171 step=  43000 return=-108.236 len=250 success=False alpha=0.0812 recon=0.00205
[train] ep= 172 step=  43250 return=-131.503 len=250 success=False alpha=0.0858 recon=0.00208
[train] ep= 173 step=  43500 return=-124.116 len=250 success=False alpha=0.0927 recon=0.00205
[train] ep= 174 step=  43750 return=-127.192 len=250 success=False alpha=0.0929 recon=0.00205
[train] ep= 175 step=  44000 return= -98.526 len=250 success=False alpha=0.0941 recon=0.00204
[train] ep= 176 step=  44250 return=-105.313 len=250 success=False alpha=0.0942 recon=0.00208
[train] ep= 177 step=  44500 return=-123.876 len=250 success=False alpha=0.1019 recon=0.00204
[train] ep= 178 step=  44750 return= -85.563 len=250 success=False alpha=0.1006 recon=0.00201
[train] ep= 179 step=  45000 return=-155.049 len=250 success=False alpha=0.0973 recon=0.00211
[train] ep= 180 step=  45250 return=-102.590 len=250 success=False alpha=0.0998 recon=0.00209
[train] ep= 181 step=  45500 return= -77.872 len=250 success=False alpha=0.0973 recon=0.00210
[train] ep= 182 step=  45750 return= -74.039 len=250 success=False alpha=0.0829 recon=0.00202
[train] ep= 183 step=  46000 return= -66.816 len=250 success=False alpha=0.0704 recon=0.00209
[train] ep= 184 step=  46250 return= -79.953 len=250 success=False alpha=0.0653 recon=0.00211
[train] ep= 185 step=  46500 return= -83.604 len=250 success=False alpha=0.0716 recon=0.00214
[train] ep= 186 step=  46750 return= -85.581 len=250 success=False alpha=0.0753 recon=0.00207
[train] ep= 187 step=  47000 return= -80.839 len=250 success=False alpha=0.0756 recon=0.00208
[train] ep= 188 step=  47250 return= -83.603 len=250 success=False alpha=0.0617 recon=0.00208
[train] ep= 189 step=  47500 return=-115.453 len=250 success=False alpha=0.0566 recon=0.00208
[train] ep= 190 step=  47750 return=-117.440 len=250 success=False alpha=0.0579 recon=0.00211
[train] ep= 191 step=  48000 return=-132.644 len=250 success=False alpha=0.0536 recon=0.00208
[train] ep= 192 step=  48250 return=-139.225 len=250 success=False alpha=0.0527 recon=0.00209
[train] ep= 193 step=  48500 return=-141.902 len=250 success=False alpha=0.0548 recon=0.00205
[train] ep= 194 step=  48750 return=-114.729 len=250 success=False alpha=0.0583 recon=0.00205
[train] ep= 195 step=  49000 return= -88.825 len=250 success=False alpha=0.0597 recon=0.00209
[train] ep= 196 step=  49250 return= -84.975 len=250 success=False alpha=0.0554 recon=0.00209
[train] ep= 197 step=  49500 return= -86.340 len=250 success=False alpha=0.0505 recon=0.00205
[train] ep= 198 step=  49750 return=-101.873 len=250 success=False alpha=0.0459 recon=0.00209
[eval] step=  50000 reward= -94.863 success=  0.0%
[train] ep= 199 step=  50000 return= -85.479 len=250 success=False alpha=0.0407 recon=0.00208
[train] ep= 200 step=  50250 return= -96.576 len=250 success=False alpha=0.0403 recon=0.00203
[train] ep= 201 step=  50500 return=-140.056 len=250 success=False alpha=0.0417 recon=0.00206
[train] ep= 202 step=  50750 return=-112.411 len=250 success=False alpha=0.0416 recon=0.00210
[train] ep= 203 step=  51000 return=-114.980 len=250 success=False alpha=0.0385 recon=0.00204
[train] ep= 204 step=  51250 return=-112.331 len=250 success=False alpha=0.0344 recon=0.00203
[train] ep= 205 step=  51500 return=-151.470 len=250 success=False alpha=0.0334 recon=0.00206
[train] ep= 206 step=  51750 return=-146.335 len=250 success=False alpha=0.0347 recon=0.00205
[train] ep= 207 step=  52000 return= -94.708 len=250 success=False alpha=0.0317 recon=0.00209
[train] ep= 208 step=  52250 return= -86.465 len=250 success=False alpha=0.0289 recon=0.00203
[train] ep= 209 step=  52500 return=-110.728 len=250 success=False alpha=0.0268 recon=0.00209
[train] ep= 210 step=  52750 return=-125.882 len=250 success=False alpha=0.0276 recon=0.00205
[train] ep= 211 step=  53000 return= -90.176 len=250 success=False alpha=0.0287 recon=0.00206
[train] ep= 212 step=  53250 return=-124.583 len=250 success=False alpha=0.0284 recon=0.00209
[train] ep= 213 step=  53500 return= -92.607 len=250 success=False alpha=0.0269 recon=0.00206
[train] ep= 214 step=  53750 return= -67.615 len=250 success=False alpha=0.0278 recon=0.00205
[train] ep= 215 step=  54000 return=-127.531 len=250 success=False alpha=0.0269 recon=0.00204
[train] ep= 216 step=  54250 return=-106.958 len=250 success=False alpha=0.0250 recon=0.00209
[train] ep= 217 step=  54500 return= -96.517 len=250 success=False alpha=0.0229 recon=0.00207
[train] ep= 218 step=  54750 return=-146.724 len=250 success=False alpha=0.0228 recon=0.00207
[train] ep= 219 step=  55000 return=-149.329 len=250 success=False alpha=0.0227 recon=0.00215
[train] ep= 220 step=  55250 return=-121.325 len=250 success=False alpha=0.0228 recon=0.00206
[train] ep= 221 step=  55500 return=-144.458 len=250 success=False alpha=0.0224 recon=0.00207
[train] ep= 222 step=  55750 return=-148.695 len=250 success=False alpha=0.0199 recon=0.00207
[train] ep= 223 step=  56000 return=-129.659 len=250 success=False alpha=0.0183 recon=0.00204
[train] ep= 224 step=  56250 return= -97.240 len=250 success=False alpha=0.0165 recon=0.00209
[train] ep= 225 step=  56500 return= -90.193 len=250 success=False alpha=0.0166 recon=0.00205
[train] ep= 226 step=  56750 return= -96.674 len=250 success=False alpha=0.0164 recon=0.00211
[train] ep= 227 step=  57000 return=-108.385 len=250 success=False alpha=0.0154 recon=0.00211
[train] ep= 228 step=  57250 return=-100.290 len=250 success=False alpha=0.0145 recon=0.00218
[train] ep= 229 step=  57500 return= -86.320 len=250 success=False alpha=0.0143 recon=0.00206
[train] ep= 230 step=  57750 return= -87.216 len=250 success=False alpha=0.0129 recon=0.00208
[train] ep= 231 step=  58000 return= -89.734 len=250 success=False alpha=0.0139 recon=0.00203
[train] ep= 232 step=  58250 return= -91.650 len=250 success=False alpha=0.0149 recon=0.00205
[train] ep= 233 step=  58500 return= -87.294 len=250 success=False alpha=0.0166 recon=0.00207
[train] ep= 234 step=  58750 return= -96.938 len=250 success=False alpha=0.0179 recon=0.00213
[train] ep= 235 step=  59000 return= -90.907 len=250 success=False alpha=0.0189 recon=0.00209
[train] ep= 236 step=  59250 return=-124.513 len=250 success=False alpha=0.0176 recon=0.00205
[train] ep= 237 step=  59500 return= -81.791 len=250 success=False alpha=0.0167 recon=0.00205
[train] ep= 238 step=  59750 return= -73.889 len=250 success=False alpha=0.0147 recon=0.00211
[eval] step=  60000 reward= -91.076 success=  0.0%
[train] ep= 239 step=  60000 return=-115.089 len=250 success=False alpha=0.0131 recon=0.00202
[train] ep= 240 step=  60250 return=-106.428 len=250 success=False alpha=0.0112 recon=0.00208
[train] ep= 241 step=  60500 return= -84.531 len=250 success=False alpha=0.0104 recon=0.00212
[train] ep= 242 step=  60750 return= -89.010 len=250 success=False alpha=0.0096 recon=0.00202
[train] ep= 243 step=  61000 return= -94.445 len=250 success=False alpha=0.0092 recon=0.00211
[train] ep= 244 step=  61250 return=-129.701 len=250 success=False alpha=0.0089 recon=0.00207
[train] ep= 245 step=  61500 return= -96.646 len=250 success=False alpha=0.0084 recon=0.00214
[train] ep= 246 step=  61750 return= -92.342 len=250 success=False alpha=0.0084 recon=0.00207
[train] ep= 247 step=  62000 return=-107.049 len=250 success=False alpha=0.0082 recon=0.00206
[train] ep= 248 step=  62250 return= -95.795 len=250 success=False alpha=0.0084 recon=0.00206
[train] ep= 249 step=  62500 return= -91.728 len=250 success=False alpha=0.0082 recon=0.00204
[train] ep= 250 step=  62750 return= -76.005 len=250 success=False alpha=0.0076 recon=0.00211
[train] ep= 251 step=  63000 return= -63.528 len=250 success=False alpha=0.0073 recon=0.00206
[train] ep= 252 step=  63250 return= -98.842 len=250 success=False alpha=0.0076 recon=0.00208
[train] ep= 253 step=  63500 return=-103.638 len=250 success=False alpha=0.0074 recon=0.00204
[train] ep= 254 step=  63750 return= -91.206 len=250 success=False alpha=0.0067 recon=0.00204
[train] ep= 255 step=  64000 return=-110.600 len=250 success=False alpha=0.0063 recon=0.00208
[train] ep= 256 step=  64250 return= -82.815 len=250 success=False alpha=0.0060 recon=0.00207
[train] ep= 257 step=  64500 return=-102.668 len=250 success=False alpha=0.0060 recon=0.00211
[train] ep= 258 step=  64750 return= -83.989 len=250 success=False alpha=0.0055 recon=0.00210
[train] ep= 259 step=  65000 return= -89.652 len=250 success=False alpha=0.0049 recon=0.00207
[train] ep= 260 step=  65250 return=-127.916 len=250 success=False alpha=0.0045 recon=0.00205
[train] ep= 261 step=  65500 return= -80.979 len=250 success=False alpha=0.0043 recon=0.00207
[train] ep= 262 step=  65750 return= -81.011 len=250 success=False alpha=0.0039 recon=0.00208
[train] ep= 263 step=  66000 return= -94.431 len=250 success=False alpha=0.0036 recon=0.00210
[train] ep= 264 step=  66250 return=-112.953 len=250 success=False alpha=0.0039 recon=0.00209
[train] ep= 265 step=  66500 return= -88.376 len=250 success=False alpha=0.0051 recon=0.00205
[train] ep= 266 step=  66750 return= -88.574 len=250 success=False alpha=0.0054 recon=0.00208
[train] ep= 267 step=  67000 return= -75.689 len=250 success=False alpha=0.0050 recon=0.00200
[train] ep= 268 step=  67250 return= -89.044 len=250 success=False alpha=0.0047 recon=0.00204
[train] ep= 269 step=  67500 return=-115.655 len=250 success=False alpha=0.0044 recon=0.00208
[train] ep= 270 step=  67750 return= -88.817 len=250 success=False alpha=0.0042 recon=0.00209
[train] ep= 271 step=  68000 return= -78.487 len=250 success=False alpha=0.0039 recon=0.00203
[train] ep= 272 step=  68250 return=-109.041 len=250 success=False alpha=0.0037 recon=0.00207
[train] ep= 273 step=  68500 return= -70.294 len=250 success=False alpha=0.0034 recon=0.00206
[train] ep= 274 step=  68750 return= -93.052 len=250 success=False alpha=0.0032 recon=0.00208
[train] ep= 275 step=  69000 return= -80.335 len=250 success=False alpha=0.0030 recon=0.00210
[train] ep= 276 step=  69250 return= -88.749 len=250 success=False alpha=0.0032 recon=0.00208
[train] ep= 277 step=  69500 return=-100.084 len=250 success=False alpha=0.0035 recon=0.00208
[train] ep= 278 step=  69750 return= -87.123 len=250 success=False alpha=0.0039 recon=0.00207
[eval] step=  70000 reward= -98.607 success=  0.0%
[train] ep= 279 step=  70000 return=-111.754 len=250 success=False alpha=0.0037 recon=0.00207
[train] ep= 280 step=  70250 return= -88.418 len=250 success=False alpha=0.0033 recon=0.00213
[train] ep= 281 step=  70500 return= -62.754 len=250 success=False alpha=0.0030 recon=0.00210
[train] ep= 282 step=  70750 return= -70.385 len=250 success=False alpha=0.0028 recon=0.00206
[train] ep= 283 step=  71000 return= -92.445 len=250 success=False alpha=0.0026 recon=0.00209
[train] ep= 284 step=  71250 return= -69.521 len=250 success=False alpha=0.0025 recon=0.00207
[train] ep= 285 step=  71500 return=-105.292 len=250 success=False alpha=0.0023 recon=0.00210
[train] ep= 286 step=  71750 return=-132.172 len=250 success=False alpha=0.0023 recon=0.00205
[train] ep= 287 step=  72000 return= -94.989 len=250 success=False alpha=0.0022 recon=0.00208
[train] ep= 288 step=  72250 return= -80.400 len=250 success=False alpha=0.0020 recon=0.00208
[train] ep= 289 step=  72500 return= -99.484 len=250 success=False alpha=0.0019 recon=0.00210
[train] ep= 290 step=  72750 return= -85.650 len=250 success=False alpha=0.0018 recon=0.00207
[train] ep= 291 step=  73000 return=-105.192 len=250 success=False alpha=0.0018 recon=0.00204
[train] ep= 292 step=  73250 return=-106.291 len=250 success=False alpha=0.0017 recon=0.00209
[train] ep= 293 step=  73500 return= -84.695 len=250 success=False alpha=0.0016 recon=0.00201
[train] ep= 294 step=  73750 return= -90.705 len=250 success=False alpha=0.0015 recon=0.00208
[train] ep= 295 step=  74000 return=-105.635 len=250 success=False alpha=0.0015 recon=0.00204
[train] ep= 296 step=  74250 return=-118.002 len=250 success=False alpha=0.0015 recon=0.00210
[train] ep= 297 step=  74500 return= -93.849 len=250 success=False alpha=0.0014 recon=0.00206
[train] ep= 298 step=  74750 return= -93.611 len=250 success=False alpha=0.0014 recon=0.00208
[train] ep= 299 step=  75000 return= -74.248 len=250 success=False alpha=0.0014 recon=0.00205
[train] ep= 300 step=  75250 return= -96.672 len=250 success=False alpha=0.0016 recon=0.00204
[train] ep= 301 step=  75500 return= -90.561 len=250 success=False alpha=0.0016 recon=0.00205
[train] ep= 302 step=  75750 return= -89.776 len=250 success=False alpha=0.0014 recon=0.00210
[train] ep= 303 step=  76000 return= -95.321 len=250 success=False alpha=0.0013 recon=0.00209
[train] ep= 304 step=  76250 return=-120.177 len=250 success=False alpha=0.0012 recon=0.00205
[train] ep= 305 step=  76500 return= -87.685 len=250 success=False alpha=0.0012 recon=0.00205
[train] ep= 306 step=  76750 return= -94.770 len=250 success=False alpha=0.0011 recon=0.00210
[train] ep= 307 step=  77000 return=-102.119 len=250 success=False alpha=0.0011 recon=0.00210
[train] ep= 308 step=  77250 return= -96.490 len=250 success=False alpha=0.0011 recon=0.00210
[train] ep= 309 step=  77500 return= -96.307 len=250 success=False alpha=0.0010 recon=0.00205
[train] ep= 310 step=  77750 return= -71.726 len=250 success=False alpha=0.0009 recon=0.00207
[train] ep= 311 step=  78000 return=-100.278 len=250 success=False alpha=0.0009 recon=0.00213
[train] ep= 312 step=  78250 return= -76.708 len=250 success=False alpha=0.0009 recon=0.00207
[train] ep= 313 step=  78500 return=-112.691 len=250 success=False alpha=0.0011 recon=0.00206
[train] ep= 314 step=  78750 return=-137.446 len=250 success=False alpha=0.0015 recon=0.00207
[train] ep= 315 step=  79000 return=-141.388 len=250 success=False alpha=0.0018 recon=0.00206
[train] ep= 316 step=  79250 return=-140.187 len=250 success=False alpha=0.0021 recon=0.00205
[train] ep= 317 step=  79500 return=-149.925 len=250 success=False alpha=0.0026 recon=0.00207
[train] ep= 318 step=  79750 return=-109.515 len=250 success=False alpha=0.0035 recon=0.00208
[eval] step=  80000 reward= -89.957 success=  0.0%
[train] ep= 319 step=  80000 return=-119.511 len=250 success=False alpha=0.0033 recon=0.00206
[train] ep= 320 step=  80250 return= -95.228 len=250 success=False alpha=0.0030 recon=0.00206
[train] ep= 321 step=  80500 return= -82.232 len=250 success=False alpha=0.0029 recon=0.00206
[train] ep= 322 step=  80750 return= -81.675 len=250 success=False alpha=0.0027 recon=0.00207
[train] ep= 323 step=  81000 return= -82.736 len=250 success=False alpha=0.0026 recon=0.00211
[train] ep= 324 step=  81250 return= -90.487 len=250 success=False alpha=0.0025 recon=0.00207
[train] ep= 325 step=  81500 return= -99.820 len=250 success=False alpha=0.0023 recon=0.00208
[train] ep= 326 step=  81750 return=-119.445 len=250 success=False alpha=0.0021 recon=0.00206
[train] ep= 327 step=  82000 return= -83.983 len=250 success=False alpha=0.0021 recon=0.00203
[train] ep= 328 step=  82250 return= -91.270 len=250 success=False alpha=0.0023 recon=0.00209
[train] ep= 329 step=  82500 return= -86.906 len=250 success=False alpha=0.0023 recon=0.00207
[train] ep= 330 step=  82750 return= -82.091 len=250 success=False alpha=0.0023 recon=0.00207
[train] ep= 331 step=  83000 return=-101.503 len=250 success=False alpha=0.0023 recon=0.00206
[train] ep= 332 step=  83250 return= -94.809 len=250 success=False alpha=0.0023 recon=0.00207
[train] ep= 333 step=  83500 return=-104.485 len=250 success=False alpha=0.0022 recon=0.00208
[train] ep= 334 step=  83750 return=-113.001 len=250 success=False alpha=0.0020 recon=0.00211
[train] ep= 335 step=  84000 return= -81.916 len=250 success=False alpha=0.0019 recon=0.00207
[train] ep= 336 step=  84250 return= -92.299 len=250 success=False alpha=0.0019 recon=0.00204
[train] ep= 337 step=  84500 return=-108.909 len=250 success=False alpha=0.0019 recon=0.00207
[train] ep= 338 step=  84750 return= -81.644 len=250 success=False alpha=0.0018 recon=0.00204
[train] ep= 339 step=  85000 return= -90.388 len=250 success=False alpha=0.0020 recon=0.00201
[train] ep= 340 step=  85250 return= -86.817 len=250 success=False alpha=0.0024 recon=0.00207
[train] ep= 341 step=  85500 return= -95.603 len=250 success=False alpha=0.0026 recon=0.00206
[train] ep= 342 step=  85750 return=-102.933 len=250 success=False alpha=0.0024 recon=0.00204
[train] ep= 343 step=  86000 return= -97.809 len=250 success=False alpha=0.0022 recon=0.00207
[train] ep= 344 step=  86250 return=-118.286 len=250 success=False alpha=0.0020 recon=0.00206
[train] ep= 345 step=  86500 return=-119.638 len=250 success=False alpha=0.0017 recon=0.00200
[train] ep= 346 step=  86750 return= -80.029 len=250 success=False alpha=0.0015 recon=0.00204
[train] ep= 347 step=  87000 return= -67.395 len=250 success=False alpha=0.0014 recon=0.00209
[train] ep= 348 step=  87250 return= -88.342 len=250 success=False alpha=0.0012 recon=0.00209
[train] ep= 349 step=  87500 return= -94.963 len=250 success=False alpha=0.0011 recon=0.00210
[train] ep= 350 step=  87750 return= -87.427 len=250 success=False alpha=0.0011 recon=0.00206
[train] ep= 351 step=  88000 return=-102.903 len=250 success=False alpha=0.0011 recon=0.00206
[train] ep= 352 step=  88250 return= -76.541 len=250 success=False alpha=0.0010 recon=0.00204
[train] ep= 353 step=  88500 return=-112.318 len=250 success=False alpha=0.0010 recon=0.00206
[train] ep= 354 step=  88750 return= -91.997 len=250 success=False alpha=0.0009 recon=0.00208
[train] ep= 355 step=  89000 return=-116.631 len=250 success=False alpha=0.0009 recon=0.00212
[train] ep= 356 step=  89250 return=-107.049 len=250 success=False alpha=0.0009 recon=0.00208
[train] ep= 357 step=  89500 return= -95.148 len=250 success=False alpha=0.0009 recon=0.00203
[train] ep= 358 step=  89750 return= -84.267 len=250 success=False alpha=0.0011 recon=0.00210
[eval] step=  90000 reward=-102.121 success=  0.0%
[train] ep= 359 step=  90000 return=-110.725 len=250 success=False alpha=0.0013 recon=0.00209
[train] ep= 360 step=  90250 return= -85.699 len=250 success=False alpha=0.0016 recon=0.00211
[train] ep= 361 step=  90500 return= -93.044 len=250 success=False alpha=0.0020 recon=0.00208
[train] ep= 362 step=  90750 return= -69.625 len=250 success=False alpha=0.0018 recon=0.00203
[train] ep= 363 step=  91000 return= -97.028 len=250 success=False alpha=0.0018 recon=0.00207
[train] ep= 364 step=  91250 return= -77.358 len=250 success=False alpha=0.0017 recon=0.00204
[train] ep= 365 step=  91500 return= -95.869 len=250 success=False alpha=0.0017 recon=0.00208
[train] ep= 366 step=  91750 return=-107.289 len=250 success=False alpha=0.0016 recon=0.00208
[train] ep= 367 step=  92000 return= -85.116 len=250 success=False alpha=0.0015 recon=0.00205
[train] ep= 368 step=  92250 return= -72.871 len=250 success=False alpha=0.0014 recon=0.00210
[train] ep= 369 step=  92500 return= -77.253 len=250 success=False alpha=0.0013 recon=0.00204
[train] ep= 370 step=  92750 return=-103.786 len=250 success=False alpha=0.0012 recon=0.00208
[train] ep= 371 step=  93000 return=-104.790 len=250 success=False alpha=0.0010 recon=0.00206
[train] ep= 372 step=  93250 return=-117.250 len=250 success=False alpha=0.0009 recon=0.00207
[train] ep= 373 step=  93500 return= -68.117 len=250 success=False alpha=0.0008 recon=0.00205
[train] ep= 374 step=  93750 return=-108.913 len=250 success=False alpha=0.0008 recon=0.00208
[train] ep= 375 step=  94000 return=-104.986 len=250 success=False alpha=0.0008 recon=0.00205
[train] ep= 376 step=  94250 return= -89.283 len=250 success=False alpha=0.0007 recon=0.00204
[train] ep= 377 step=  94500 return= -95.825 len=250 success=False alpha=0.0007 recon=0.00206
[train] ep= 378 step=  94750 return=-104.484 len=250 success=False alpha=0.0006 recon=0.00207
[train] ep= 379 step=  95000 return= -81.953 len=250 success=False alpha=0.0006 recon=0.00203
[train] ep= 380 step=  95250 return= -81.794 len=250 success=False alpha=0.0006 recon=0.00203
[train] ep= 381 step=  95500 return= -97.589 len=250 success=False alpha=0.0007 recon=0.00206
[train] ep= 382 step=  95750 return=-103.913 len=250 success=False alpha=0.0007 recon=0.00200
[train] ep= 383 step=  96000 return= -96.299 len=250 success=False alpha=0.0006 recon=0.00206
[train] ep= 384 step=  96250 return= -82.828 len=250 success=False alpha=0.0006 recon=0.00208
[train] ep= 385 step=  96500 return= -89.084 len=250 success=False alpha=0.0006 recon=0.00208
[train] ep= 386 step=  96750 return=-102.806 len=250 success=False alpha=0.0006 recon=0.00207
[train] ep= 387 step=  97000 return= -82.254 len=250 success=False alpha=0.0006 recon=0.00208
[train] ep= 388 step=  97250 return= -90.261 len=250 success=False alpha=0.0006 recon=0.00206
[train] ep= 389 step=  97500 return= -61.227 len=250 success=False alpha=0.0005 recon=0.00202
[train] ep= 390 step=  97750 return=-101.317 len=250 success=False alpha=0.0005 recon=0.00203
[train] ep= 391 step=  98000 return=-101.890 len=250 success=False alpha=0.0005 recon=0.00206
[train] ep= 392 step=  98250 return=-101.536 len=250 success=False alpha=0.0004 recon=0.00209
[train] ep= 393 step=  98500 return= -74.432 len=250 success=False alpha=0.0004 recon=0.00205
[train] ep= 394 step=  98750 return=-117.271 len=250 success=False alpha=0.0004 recon=0.00207
[train] ep= 395 step=  99000 return= -85.311 len=250 success=False alpha=0.0004 recon=0.00208
[train] ep= 396 step=  99250 return= -96.234 len=250 success=False alpha=0.0005 recon=0.00203
[train] ep= 397 step=  99500 return= -89.687 len=250 success=False alpha=0.0005 recon=0.00205
[train] ep= 398 step=  99750 return= -90.178 len=250 success=False alpha=0.0005 recon=0.00203
[eval] step= 100000 reward= -91.928 success=  0.0%
[train] ep= 399 step= 100000 return=-108.093 len=250 success=False alpha=0.0005 recon=0.00206
[train] ep= 400 step= 100250 return= -85.244 len=250 success=False alpha=0.0005 recon=0.00203
[train] ep= 401 step= 100500 return= -72.283 len=250 success=False alpha=0.0005 recon=0.00203
[train] ep= 402 step= 100750 return=-101.111 len=250 success=False alpha=0.0005 recon=0.00207
[train] ep= 403 step= 101000 return= -80.026 len=250 success=False alpha=0.0006 recon=0.00204
[train] ep= 404 step= 101250 return= -96.544 len=250 success=False alpha=0.0007 recon=0.00203
[train] ep= 405 step= 101500 return= -86.322 len=250 success=False alpha=0.0008 recon=0.00202
[train] ep= 406 step= 101750 return= -87.957 len=250 success=False alpha=0.0008 recon=0.00207
[train] ep= 407 step= 102000 return=-115.432 len=250 success=False alpha=0.0008 recon=0.00206
[train] ep= 408 step= 102250 return= -97.461 len=250 success=False alpha=0.0007 recon=0.00209
[train] ep= 409 step= 102500 return=-100.643 len=250 success=False alpha=0.0007 recon=0.00209
[train] ep= 410 step= 102750 return= -90.404 len=250 success=False alpha=0.0008 recon=0.00208
[train] ep= 411 step= 103000 return= -98.822 len=250 success=False alpha=0.0008 recon=0.00204
[train] ep= 412 step= 103250 return=-102.631 len=250 success=False alpha=0.0008 recon=0.00211
[train] ep= 413 step= 103500 return= -90.254 len=250 success=False alpha=0.0008 recon=0.00202
[train] ep= 414 step= 103750 return= -83.529 len=250 success=False alpha=0.0008 recon=0.00203
[train] ep= 415 step= 104000 return= -78.361 len=250 success=False alpha=0.0009 recon=0.00204
[train] ep= 416 step= 104250 return= -74.181 len=250 success=False alpha=0.0010 recon=0.00207
[train] ep= 417 step= 104500 return= -78.875 len=250 success=False alpha=0.0011 recon=0.00207
[train] ep= 418 step= 104750 return= -73.736 len=250 success=False alpha=0.0012 recon=0.00208
[train] ep= 419 step= 105000 return= -78.264 len=250 success=False alpha=0.0013 recon=0.00204
[train] ep= 420 step= 105250 return= -79.716 len=250 success=False alpha=0.0014 recon=0.00209
[train] ep= 421 step= 105500 return=-110.327 len=250 success=False alpha=0.0012 recon=0.00208
[train] ep= 422 step= 105750 return= -64.640 len=250 success=False alpha=0.0010 recon=0.00207
[train] ep= 423 step= 106000 return= -99.670 len=250 success=False alpha=0.0010 recon=0.00206
[train] ep= 424 step= 106250 return= -93.653 len=250 success=False alpha=0.0011 recon=0.00206
[train] ep= 425 step= 106500 return= -88.082 len=250 success=False alpha=0.0010 recon=0.00204
[train] ep= 426 step= 106750 return=-105.961 len=250 success=False alpha=0.0011 recon=0.00206
[train] ep= 427 step= 107000 return= -92.589 len=250 success=False alpha=0.0013 recon=0.00206
[train] ep= 428 step= 107250 return=-102.240 len=250 success=False alpha=0.0013 recon=0.00205
[train] ep= 429 step= 107500 return= -62.852 len=250 success=False alpha=0.0012 recon=0.00207
[train] ep= 430 step= 107750 return= -88.185 len=250 success=False alpha=0.0012 recon=0.00204
[train] ep= 431 step= 108000 return= -64.571 len=250 success=False alpha=0.0010 recon=0.00202
[train] ep= 432 step= 108250 return= -93.025 len=250 success=False alpha=0.0009 recon=0.00204
[train] ep= 433 step= 108500 return= -82.023 len=250 success=False alpha=0.0008 recon=0.00211
[train] ep= 434 step= 108750 return= -65.036 len=250 success=False alpha=0.0007 recon=0.00207
[train] ep= 435 step= 109000 return= -87.998 len=250 success=False alpha=0.0009 recon=0.00205
[train] ep= 436 step= 109250 return= -75.726 len=250 success=False alpha=0.0010 recon=0.00207
[train] ep= 437 step= 109500 return= -87.487 len=250 success=False alpha=0.0011 recon=0.00208
[train] ep= 438 step= 109750 return= -79.344 len=250 success=False alpha=0.0012 recon=0.00207
[eval] step= 110000 reward= -93.980 success=  0.0%
[train] ep= 439 step= 110000 return= -91.772 len=250 success=False alpha=0.0012 recon=0.00211
[train] ep= 440 step= 110250 return= -98.098 len=250 success=False alpha=0.0012 recon=0.00209
[train] ep= 441 step= 110500 return= -73.903 len=250 success=False alpha=0.0010 recon=0.00209
[train] ep= 442 step= 110750 return= -82.390 len=250 success=False alpha=0.0009 recon=0.00211
[train] ep= 443 step= 111000 return= -85.444 len=250 success=False alpha=0.0009 recon=0.00205
[train] ep= 444 step= 111250 return= -91.355 len=250 success=False alpha=0.0010 recon=0.00215
[train] ep= 445 step= 111500 return= -75.829 len=250 success=False alpha=0.0009 recon=0.00209
[train] ep= 446 step= 111750 return= -81.868 len=250 success=False alpha=0.0009 recon=0.00205
[train] ep= 447 step= 112000 return= -69.953 len=250 success=False alpha=0.0009 recon=0.00202
[train] ep= 448 step= 112250 return= -83.599 len=250 success=False alpha=0.0008 recon=0.00209
[train] ep= 449 step= 112500 return= -85.885 len=250 success=False alpha=0.0009 recon=0.00207
[train] ep= 450 step= 112750 return= -85.545 len=250 success=False alpha=0.0010 recon=0.00207
[train] ep= 451 step= 113000 return= -96.304 len=250 success=False alpha=0.0010 recon=0.00207
[train] ep= 452 step= 113250 return= -95.958 len=250 success=False alpha=0.0012 recon=0.00205
[train] ep= 453 step= 113500 return= -75.858 len=250 success=False alpha=0.0012 recon=0.00206
[train] ep= 454 step= 113750 return= -96.045 len=250 success=False alpha=0.0013 recon=0.00209
[train] ep= 455 step= 114000 return= -78.284 len=250 success=False alpha=0.0011 recon=0.00211
[train] ep= 456 step= 114250 return= -81.617 len=250 success=False alpha=0.0011 recon=0.00209
[train] ep= 457 step= 114500 return= -69.241 len=250 success=False alpha=0.0012 recon=0.00209
[train] ep= 458 step= 114750 return= -83.917 len=250 success=False alpha=0.0012 recon=0.00211
[train] ep= 459 step= 115000 return= -85.364 len=250 success=False alpha=0.0013 recon=0.00206
[train] ep= 460 step= 115250 return= -75.779 len=250 success=False alpha=0.0014 recon=0.00207
[train] ep= 461 step= 115500 return= -91.289 len=250 success=False alpha=0.0014 recon=0.00211
[train] ep= 462 step= 115750 return= -82.997 len=250 success=False alpha=0.0015 recon=0.00213
[train] ep= 463 step= 116000 return=-104.428 len=250 success=False alpha=0.0017 recon=0.00207
[train] ep= 464 step= 116250 return= -88.467 len=250 success=False alpha=0.0014 recon=0.00209
[train] ep= 465 step= 116500 return=-106.395 len=250 success=False alpha=0.0010 recon=0.00210
[train] ep= 466 step= 116750 return= -90.087 len=250 success=False alpha=0.0009 recon=0.00213
[train] ep= 467 step= 117000 return= -84.864 len=250 success=False alpha=0.0009 recon=0.00209
[train] ep= 468 step= 117250 return= -96.138 len=250 success=False alpha=0.0009 recon=0.00210
[train] ep= 469 step= 117500 return= -88.940 len=250 success=False alpha=0.0008 recon=0.00206
[train] ep= 470 step= 117750 return=-105.760 len=250 success=False alpha=0.0008 recon=0.00212
[train] ep= 471 step= 118000 return=-100.206 len=250 success=False alpha=0.0008 recon=0.00207
[train] ep= 472 step= 118250 return= -72.170 len=250 success=False alpha=0.0008 recon=0.00212
[train] ep= 473 step= 118500 return= -84.467 len=250 success=False alpha=0.0008 recon=0.00210
[train] ep= 474 step= 118750 return= -96.954 len=250 success=False alpha=0.0008 recon=0.00205
[train] ep= 475 step= 119000 return= -87.474 len=250 success=False alpha=0.0008 recon=0.00204
[train] ep= 476 step= 119250 return=-101.357 len=250 success=False alpha=0.0008 recon=0.00208
[train] ep= 477 step= 119500 return= -88.757 len=250 success=False alpha=0.0009 recon=0.00214
[train] ep= 478 step= 119750 return= -93.062 len=250 success=False alpha=0.0009 recon=0.00212
[eval] step= 120000 reward= -90.082 success=  0.0%
[train] ep= 479 step= 120000 return=-106.055 len=250 success=False alpha=0.0008 recon=0.00206
[train] ep= 480 step= 120250 return= -96.561 len=250 success=False alpha=0.0007 recon=0.00210
[train] ep= 481 step= 120500 return= -91.685 len=250 success=False alpha=0.0006 recon=0.00212
[train] ep= 482 step= 120750 return= -80.356 len=250 success=False alpha=0.0005 recon=0.00211
[train] ep= 483 step= 121000 return=-109.762 len=250 success=False alpha=0.0005 recon=0.00214
[train] ep= 484 step= 121250 return=-101.528 len=250 success=False alpha=0.0005 recon=0.00211
[train] ep= 485 step= 121500 return=-122.246 len=250 success=False alpha=0.0005 recon=0.00206
[train] ep= 486 step= 121750 return=-106.864 len=250 success=False alpha=0.0004 recon=0.00208
[train] ep= 487 step= 122000 return= -82.584 len=250 success=False alpha=0.0004 recon=0.00209
[train] ep= 488 step= 122250 return= -97.159 len=250 success=False alpha=0.0004 recon=0.00214
[train] ep= 489 step= 122500 return= -98.888 len=250 success=False alpha=0.0004 recon=0.00210
[train] ep= 490 step= 122750 return= -80.258 len=250 success=False alpha=0.0004 recon=0.00212
[train] ep= 491 step= 123000 return=-104.905 len=250 success=False alpha=0.0003 recon=0.00210
[train] ep= 492 step= 123250 return= -99.052 len=250 success=False alpha=0.0003 recon=0.00211
[train] ep= 493 step= 123500 return=-101.658 len=250 success=False alpha=0.0003 recon=0.00212
[train] ep= 494 step= 123750 return= -92.551 len=250 success=False alpha=0.0003 recon=0.00207
[train] ep= 495 step= 124000 return=-101.069 len=250 success=False alpha=0.0003 recon=0.00208
[train] ep= 496 step= 124250 return= -87.551 len=250 success=False alpha=0.0003 recon=0.00209
[train] ep= 497 step= 124500 return= -71.163 len=250 success=False alpha=0.0003 recon=0.00215
[train] ep= 498 step= 124750 return= -95.941 len=250 success=False alpha=0.0003 recon=0.00212
[train] ep= 499 step= 125000 return= -85.821 len=250 success=False alpha=0.0003 recon=0.00211
[train] ep= 500 step= 125250 return= -75.319 len=250 success=False alpha=0.0003 recon=0.00212
[train] ep= 501 step= 125500 return= -66.430 len=250 success=False alpha=0.0003 recon=0.00206
[train] ep= 502 step= 125750 return= -71.321 len=250 success=False alpha=0.0003 recon=0.00208
[train] ep= 503 step= 126000 return=-106.682 len=250 success=False alpha=0.0003 recon=0.00208
[train] ep= 504 step= 126250 return= -89.123 len=250 success=False alpha=0.0003 recon=0.00213
[train] ep= 505 step= 126500 return= -73.157 len=250 success=False alpha=0.0003 recon=0.00211
[train] ep= 506 step= 126750 return= -69.031 len=250 success=False alpha=0.0003 recon=0.00211
[train] ep= 507 step= 127000 return= -80.433 len=250 success=False alpha=0.0003 recon=0.00209
[train] ep= 508 step= 127250 return= -82.183 len=250 success=False alpha=0.0004 recon=0.00212
[train] ep= 509 step= 127500 return= -72.775 len=250 success=False alpha=0.0005 recon=0.00210
[train] ep= 510 step= 127750 return= -81.027 len=250 success=False alpha=0.0006 recon=0.00209
[train] ep= 511 step= 128000 return= -83.744 len=250 success=False alpha=0.0005 recon=0.00209
[train] ep= 512 step= 128250 return= -88.047 len=250 success=False alpha=0.0005 recon=0.00214
[train] ep= 513 step= 128500 return= -83.839 len=250 success=False alpha=0.0005 recon=0.00212
[train] ep= 514 step= 128750 return= -72.428 len=250 success=False alpha=0.0005 recon=0.00212
[train] ep= 515 step= 129000 return= -88.480 len=250 success=False alpha=0.0005 recon=0.00211
[train] ep= 516 step= 129250 return= -74.130 len=250 success=False alpha=0.0006 recon=0.00213
[train] ep= 517 step= 129500 return=-100.539 len=250 success=False alpha=0.0006 recon=0.00204
[train] ep= 518 step= 129750 return= -94.735 len=250 success=False alpha=0.0005 recon=0.00209
[eval] step= 130000 reward= -93.264 success=  0.0%
[train] ep= 519 step= 130000 return= -76.987 len=250 success=False alpha=0.0004 recon=0.00215
[train] ep= 520 step= 130250 return= -89.555 len=250 success=False alpha=0.0004 recon=0.00208
[train] ep= 521 step= 130500 return= -74.380 len=250 success=False alpha=0.0004 recon=0.00204
[train] ep= 522 step= 130750 return=-105.869 len=250 success=False alpha=0.0003 recon=0.00207
[train] ep= 523 step= 131000 return= -73.043 len=250 success=False alpha=0.0003 recon=0.00203
[train] ep= 524 step= 131250 return= -90.427 len=250 success=False alpha=0.0003 recon=0.00208
[train] ep= 525 step= 131500 return= -91.119 len=250 success=False alpha=0.0003 recon=0.00211
[train] ep= 526 step= 131750 return=-103.748 len=250 success=False alpha=0.0003 recon=0.00204
[train] ep= 527 step= 132000 return=-102.066 len=250 success=False alpha=0.0003 recon=0.00212
[train] ep= 528 step= 132250 return=-122.203 len=250 success=False alpha=0.0003 recon=0.00208
[train] ep= 529 step= 132500 return=-125.153 len=250 success=False alpha=0.0003 recon=0.00210
[train] ep= 530 step= 132750 return=-113.740 len=250 success=False alpha=0.0003 recon=0.00210
[train] ep= 531 step= 133000 return= -91.532 len=250 success=False alpha=0.0003 recon=0.00210
[train] ep= 532 step= 133250 return=-122.920 len=250 success=False alpha=0.0003 recon=0.00209
[train] ep= 533 step= 133500 return= -97.529 len=250 success=False alpha=0.0003 recon=0.00207
[train] ep= 534 step= 133750 return= -74.115 len=250 success=False alpha=0.0003 recon=0.00210
[train] ep= 535 step= 134000 return= -76.698 len=250 success=False alpha=0.0003 recon=0.00207
[train] ep= 536 step= 134250 return=-105.854 len=250 success=False alpha=0.0002 recon=0.00212
[train] ep= 537 step= 134500 return=-127.438 len=250 success=False alpha=0.0002 recon=0.00206
[train] ep= 538 step= 134750 return=-112.067 len=250 success=False alpha=0.0003 recon=0.00208
[train] ep= 539 step= 135000 return=-107.290 len=250 success=False alpha=0.0003 recon=0.00207
[train] ep= 540 step= 135250 return= -80.513 len=250 success=False alpha=0.0003 recon=0.00211
[train] ep= 541 step= 135500 return=-100.123 len=250 success=False alpha=0.0003 recon=0.00205
[train] ep= 542 step= 135750 return=-101.090 len=250 success=False alpha=0.0003 recon=0.00211
[train] ep= 543 step= 136000 return= -62.103 len=250 success=False alpha=0.0003 recon=0.00210
[train] ep= 544 step= 136250 return= -66.472 len=250 success=False alpha=0.0003 recon=0.00208
[train] ep= 545 step= 136500 return= -57.649 len=250 success=False alpha=0.0002 recon=0.00212
[train] ep= 546 step= 136750 return= -79.632 len=250 success=False alpha=0.0002 recon=0.00212
[train] ep= 547 step= 137000 return= -77.699 len=250 success=False alpha=0.0003 recon=0.00207
[train] ep= 548 step= 137250 return= -63.051 len=250 success=False alpha=0.0004 recon=0.00208
[train] ep= 549 step= 137500 return= -97.020 len=250 success=False alpha=0.0004 recon=0.00209
[train] ep= 550 step= 137750 return=-104.997 len=250 success=False alpha=0.0005 recon=0.00208
[train] ep= 551 step= 138000 return= -84.198 len=250 success=False alpha=0.0005 recon=0.00209
[train] ep= 552 step= 138250 return= -99.873 len=250 success=False alpha=0.0005 recon=0.00208
[train] ep= 553 step= 138500 return= -88.874 len=250 success=False alpha=0.0006 recon=0.00211
[train] ep= 554 step= 138750 return= -92.864 len=250 success=False alpha=0.0006 recon=0.00207
[train] ep= 555 step= 139000 return= -78.603 len=250 success=False alpha=0.0006 recon=0.00211
[train] ep= 556 step= 139250 return= -99.141 len=250 success=False alpha=0.0005 recon=0.00208
[train] ep= 557 step= 139500 return= -94.850 len=250 success=False alpha=0.0004 recon=0.00209
[train] ep= 558 step= 139750 return= -89.318 len=250 success=False alpha=0.0004 recon=0.00209
[eval] step= 140000 reward=-101.999 success=  0.0%
[train] ep= 559 step= 140000 return= -91.822 len=250 success=False alpha=0.0004 recon=0.00211
[train] ep= 560 step= 140250 return= -84.018 len=250 success=False alpha=0.0004 recon=0.00210
[train] ep= 561 step= 140500 return=-106.306 len=250 success=False alpha=0.0004 recon=0.00208
[train] ep= 562 step= 140750 return= -82.775 len=250 success=False alpha=0.0004 recon=0.00210
[train] ep= 563 step= 141000 return= -88.662 len=250 success=False alpha=0.0004 recon=0.00213
[train] ep= 564 step= 141250 return= -89.748 len=250 success=False alpha=0.0004 recon=0.00210
[train] ep= 565 step= 141500 return= -97.133 len=250 success=False alpha=0.0005 recon=0.00209
[train] ep= 566 step= 141750 return= -79.437 len=250 success=False alpha=0.0005 recon=0.00209
[train] ep= 567 step= 142000 return=-112.760 len=250 success=False alpha=0.0004 recon=0.00207
[train] ep= 568 step= 142250 return=-126.133 len=250 success=False alpha=0.0004 recon=0.00208
[train] ep= 569 step= 142500 return= -92.843 len=250 success=False alpha=0.0004 recon=0.00206
[train] ep= 570 step= 142750 return= -83.052 len=250 success=False alpha=0.0004 recon=0.00204
[train] ep= 571 step= 143000 return= -75.772 len=250 success=False alpha=0.0004 recon=0.00210
[train] ep= 572 step= 143250 return= -86.374 len=250 success=False alpha=0.0004 recon=0.00213
[train] ep= 573 step= 143500 return= -96.260 len=250 success=False alpha=0.0004 recon=0.00208
[train] ep= 574 step= 143750 return= -95.400 len=250 success=False alpha=0.0003 recon=0.00208
[train] ep= 575 step= 144000 return=-111.494 len=250 success=False alpha=0.0003 recon=0.00208
[train] ep= 576 step= 144250 return= -85.689 len=250 success=False alpha=0.0003 recon=0.00206
[train] ep= 577 step= 144500 return=-103.857 len=250 success=False alpha=0.0002 recon=0.00206
[train] ep= 578 step= 144750 return= -83.280 len=250 success=False alpha=0.0002 recon=0.00210
[train] ep= 579 step= 145000 return=-102.189 len=250 success=False alpha=0.0002 recon=0.00207
[train] ep= 580 step= 145250 return= -86.368 len=250 success=False alpha=0.0002 recon=0.00204
[train] ep= 581 step= 145500 return= -90.325 len=250 success=False alpha=0.0002 recon=0.00210
[train] ep= 582 step= 145750 return= -76.860 len=250 success=False alpha=0.0002 recon=0.00206
[train] ep= 583 step= 146000 return=-114.641 len=250 success=False alpha=0.0002 recon=0.00207
[train] ep= 584 step= 146250 return= -89.416 len=250 success=False alpha=0.0002 recon=0.00207
[train] ep= 585 step= 146500 return= -75.412 len=250 success=False alpha=0.0002 recon=0.00209
[train] ep= 586 step= 146750 return=-112.807 len=250 success=False alpha=0.0002 recon=0.00206
[train] ep= 587 step= 147000 return= -98.202 len=250 success=False alpha=0.0002 recon=0.00210
[train] ep= 588 step= 147250 return=-108.275 len=250 success=False alpha=0.0002 recon=0.00206
[train] ep= 589 step= 147500 return=-124.983 len=250 success=False alpha=0.0002 recon=0.00205
[train] ep= 590 step= 147750 return=-107.601 len=250 success=False alpha=0.0002 recon=0.00205
[train] ep= 591 step= 148000 return= -95.893 len=250 success=False alpha=0.0002 recon=0.00204
[train] ep= 592 step= 148250 return=-100.432 len=250 success=False alpha=0.0002 recon=0.00200
[train] ep= 593 step= 148500 return= -86.541 len=250 success=False alpha=0.0001 recon=0.00205
[train] ep= 594 step= 148750 return=-111.715 len=250 success=False alpha=0.0001 recon=0.00207
[train] ep= 595 step= 149000 return= -89.839 len=250 success=False alpha=0.0001 recon=0.00203
[train] ep= 596 step= 149250 return= -77.758 len=250 success=False alpha=0.0001 recon=0.00209
[train] ep= 597 step= 149500 return= -76.295 len=250 success=False alpha=0.0001 recon=0.00205
[train] ep= 598 step= 149750 return= -78.511 len=250 success=False alpha=0.0001 recon=0.00206
[eval] step= 150000 reward= -80.662 success=  0.0%
[train] ep= 599 step= 150000 return= -87.486 len=250 success=False alpha=0.0001 recon=0.00206
[train] ep= 600 step= 150250 return= -87.896 len=250 success=False alpha=0.0002 recon=0.00204
[train] ep= 601 step= 150500 return= -88.694 len=250 success=False alpha=0.0002 recon=0.00206
[train] ep= 602 step= 150750 return=-116.988 len=250 success=False alpha=0.0002 recon=0.00205
[train] ep= 603 step= 151000 return= -72.626 len=250 success=False alpha=0.0002 recon=0.00209
[train] ep= 604 step= 151250 return= -96.198 len=250 success=False alpha=0.0003 recon=0.00204
[train] ep= 605 step= 151500 return= -99.967 len=250 success=False alpha=0.0003 recon=0.00209
[train] ep= 606 step= 151750 return= -98.030 len=250 success=False alpha=0.0003 recon=0.00206
[train] ep= 607 step= 152000 return= -84.801 len=250 success=False alpha=0.0002 recon=0.00203
[train] ep= 608 step= 152250 return= -79.582 len=250 success=False alpha=0.0002 recon=0.00211
[train] ep= 609 step= 152500 return= -79.963 len=250 success=False alpha=0.0002 recon=0.00207
[train] ep= 610 step= 152750 return= -68.427 len=250 success=False alpha=0.0003 recon=0.00207
[train] ep= 611 step= 153000 return= -86.249 len=250 success=False alpha=0.0002 recon=0.00208
[train] ep= 612 step= 153250 return= -79.937 len=250 success=False alpha=0.0002 recon=0.00209
[train] ep= 613 step= 153500 return= -98.044 len=250 success=False alpha=0.0003 recon=0.00205
[train] ep= 614 step= 153750 return= -88.777 len=250 success=False alpha=0.0003 recon=0.00206
[train] ep= 615 step= 154000 return= -89.400 len=250 success=False alpha=0.0003 recon=0.00206
[train] ep= 616 step= 154250 return= -93.424 len=250 success=False alpha=0.0003 recon=0.00208
[train] ep= 617 step= 154500 return= -82.451 len=250 success=False alpha=0.0002 recon=0.00209
[train] ep= 618 step= 154750 return= -69.630 len=250 success=False alpha=0.0002 recon=0.00205
[train] ep= 619 step= 155000 return= -86.920 len=250 success=False alpha=0.0002 recon=0.00206
[train] ep= 620 step= 155250 return= -98.045 len=250 success=False alpha=0.0003 recon=0.00206
[train] ep= 621 step= 155500 return= -78.223 len=250 success=False alpha=0.0003 recon=0.00207
[train] ep= 622 step= 155750 return=-118.610 len=250 success=False alpha=0.0003 recon=0.00206
[train] ep= 623 step= 156000 return= -86.771 len=250 success=False alpha=0.0004 recon=0.00206
[train] ep= 624 step= 156250 return= -93.168 len=250 success=False alpha=0.0003 recon=0.00203
[train] ep= 625 step= 156500 return=-106.964 len=250 success=False alpha=0.0003 recon=0.00206
[train] ep= 626 step= 156750 return= -74.151 len=250 success=False alpha=0.0003 recon=0.00206
[train] ep= 627 step= 157000 return=-117.032 len=250 success=False alpha=0.0002 recon=0.00210
[train] ep= 628 step= 157250 return= -92.765 len=250 success=False alpha=0.0002 recon=0.00205
[train] ep= 629 step= 157500 return=-107.166 len=250 success=False alpha=0.0002 recon=0.00206
[train] ep= 630 step= 157750 return=-105.455 len=250 success=False alpha=0.0002 recon=0.00204
[train] ep= 631 step= 158000 return= -88.133 len=250 success=False alpha=0.0002 recon=0.00209
[train] ep= 632 step= 158250 return= -91.079 len=250 success=False alpha=0.0002 recon=0.00202
[train] ep= 633 step= 158500 return= -93.766 len=250 success=False alpha=0.0002 recon=0.00208
[train] ep= 634 step= 158750 return= -71.195 len=250 success=False alpha=0.0002 recon=0.00205
[train] ep= 635 step= 159000 return= -87.644 len=250 success=False alpha=0.0002 recon=0.00206
[train] ep= 636 step= 159250 return= -87.132 len=250 success=False alpha=0.0003 recon=0.00203
[train] ep= 637 step= 159500 return= -97.234 len=250 success=False alpha=0.0003 recon=0.00204
[train] ep= 638 step= 159750 return= -89.886 len=250 success=False alpha=0.0002 recon=0.00206
[eval] step= 160000 reward= -87.910 success=  0.0%
[train] ep= 639 step= 160000 return= -85.156 len=250 success=False alpha=0.0002 recon=0.00206
[train] ep= 640 step= 160250 return= -93.253 len=250 success=False alpha=0.0003 recon=0.00206
[train] ep= 641 step= 160500 return= -88.359 len=250 success=False alpha=0.0003 recon=0.00202
[train] ep= 642 step= 160750 return= -87.872 len=250 success=False alpha=0.0004 recon=0.00201
[train] ep= 643 step= 161000 return= -83.993 len=250 success=False alpha=0.0004 recon=0.00204
[train] ep= 644 step= 161250 return=-117.695 len=250 success=False alpha=0.0004 recon=0.00206
[train] ep= 645 step= 161500 return= -76.506 len=250 success=False alpha=0.0003 recon=0.00210
[train] ep= 646 step= 161750 return= -85.379 len=250 success=False alpha=0.0002 recon=0.00208
[train] ep= 647 step= 162000 return= -76.581 len=250 success=False alpha=0.0002 recon=0.00207
[train] ep= 648 step= 162250 return= -70.570 len=250 success=False alpha=0.0002 recon=0.00202
[train] ep= 649 step= 162500 return= -95.607 len=250 success=False alpha=0.0002 recon=0.00206
[train] ep= 650 step= 162750 return= -67.803 len=250 success=False alpha=0.0002 recon=0.00205
[train] ep= 651 step= 163000 return= -81.218 len=250 success=False alpha=0.0002 recon=0.00204
[train] ep= 652 step= 163250 return= -49.558 len=250 success=False alpha=0.0002 recon=0.00206
[train] ep= 653 step= 163500 return= -53.871 len=250 success=False alpha=0.0003 recon=0.00204
[train] ep= 654 step= 163750 return= -76.329 len=250 success=False alpha=0.0003 recon=0.00203
[train] ep= 655 step= 164000 return=-112.417 len=250 success=False alpha=0.0004 recon=0.00205
[train] ep= 656 step= 164250 return= -87.427 len=250 success=False alpha=0.0004 recon=0.00204
[train] ep= 657 step= 164500 return=-121.999 len=250 success=False alpha=0.0004 recon=0.00205
[train] ep= 658 step= 164750 return=-121.248 len=250 success=False alpha=0.0004 recon=0.00207
[train] ep= 659 step= 165000 return=-130.220 len=250 success=False alpha=0.0003 recon=0.00208
[train] ep= 660 step= 165250 return= -95.437 len=250 success=False alpha=0.0003 recon=0.00205
[train] ep= 661 step= 165500 return=-113.429 len=250 success=False alpha=0.0003 recon=0.00207
[train] ep= 662 step= 165750 return= -77.973 len=250 success=False alpha=0.0002 recon=0.00203
[train] ep= 663 step= 166000 return= -85.681 len=250 success=False alpha=0.0002 recon=0.00206
[train] ep= 664 step= 166250 return=-108.154 len=250 success=False alpha=0.0003 recon=0.00205
[train] ep= 665 step= 166500 return=-128.535 len=250 success=False alpha=0.0002 recon=0.00206
[train] ep= 666 step= 166750 return= -74.917 len=250 success=False alpha=0.0002 recon=0.00207
[train] ep= 667 step= 167000 return= -91.053 len=250 success=False alpha=0.0002 recon=0.00211
[train] ep= 668 step= 167250 return= -85.711 len=250 success=False alpha=0.0002 recon=0.00206
[train] ep= 669 step= 167500 return= -86.744 len=250 success=False alpha=0.0002 recon=0.00209
[train] ep= 670 step= 167750 return= -68.915 len=250 success=False alpha=0.0002 recon=0.00209
[train] ep= 671 step= 168000 return= -90.939 len=250 success=False alpha=0.0003 recon=0.00209
[train] ep= 672 step= 168250 return=-106.980 len=250 success=False alpha=0.0003 recon=0.00205
[train] ep= 673 step= 168500 return= -80.458 len=250 success=False alpha=0.0002 recon=0.00211
[train] ep= 674 step= 168750 return=-103.120 len=250 success=False alpha=0.0002 recon=0.00207
[train] ep= 675 step= 169000 return= -71.346 len=250 success=False alpha=0.0002 recon=0.00201
[train] ep= 676 step= 169250 return= -78.087 len=250 success=False alpha=0.0002 recon=0.00208
[train] ep= 677 step= 169500 return= -75.204 len=250 success=False alpha=0.0003 recon=0.00205
[train] ep= 678 step= 169750 return= -81.257 len=250 success=False alpha=0.0003 recon=0.00204
[eval] step= 170000 reward= -78.308 success=  0.0%
[train] ep= 679 step= 170000 return= -91.494 len=250 success=False alpha=0.0004 recon=0.00207
[train] ep= 680 step= 170250 return= -90.676 len=250 success=False alpha=0.0005 recon=0.00208
[train] ep= 681 step= 170500 return= -98.778 len=250 success=False alpha=0.0006 recon=0.00206
[train] ep= 682 step= 170750 return=-118.063 len=250 success=False alpha=0.0005 recon=0.00206
[train] ep= 683 step= 171000 return=-100.031 len=250 success=False alpha=0.0005 recon=0.00205
[train] ep= 684 step= 171250 return= -93.724 len=250 success=False alpha=0.0005 recon=0.00206
[train] ep= 685 step= 171500 return= -88.200 len=250 success=False alpha=0.0005 recon=0.00209
[train] ep= 686 step= 171750 return=-106.566 len=250 success=False alpha=0.0005 recon=0.00207
[train] ep= 687 step= 172000 return= -72.258 len=250 success=False alpha=0.0005 recon=0.00207
[train] ep= 688 step= 172250 return= -98.372 len=250 success=False alpha=0.0005 recon=0.00204
[train] ep= 689 step= 172500 return=-110.955 len=250 success=False alpha=0.0005 recon=0.00203
[train] ep= 690 step= 172750 return= -74.882 len=250 success=False alpha=0.0006 recon=0.00205
[train] ep= 691 step= 173000 return= -84.398 len=250 success=False alpha=0.0006 recon=0.00209
[train] ep= 692 step= 173250 return= -99.528 len=250 success=False alpha=0.0007 recon=0.00206
[train] ep= 693 step= 173500 return= -91.219 len=250 success=False alpha=0.0007 recon=0.00208
[train] ep= 694 step= 173750 return=-118.432 len=250 success=False alpha=0.0007 recon=0.00210
[train] ep= 695 step= 174000 return= -76.047 len=250 success=False alpha=0.0008 recon=0.00203
[train] ep= 696 step= 174250 return= -92.220 len=250 success=False alpha=0.0007 recon=0.00207
[train] ep= 697 step= 174500 return= -86.816 len=250 success=False alpha=0.0006 recon=0.00206
[train] ep= 698 step= 174750 return= -79.286 len=250 success=False alpha=0.0005 recon=0.00207
[train] ep= 699 step= 175000 return= -78.188 len=250 success=False alpha=0.0005 recon=0.00207
[train] ep= 700 step= 175250 return= -69.990 len=250 success=False alpha=0.0004 recon=0.00207
[train] ep= 701 step= 175500 return=-104.091 len=250 success=False alpha=0.0004 recon=0.00208
[train] ep= 702 step= 175750 return= -76.828 len=250 success=False alpha=0.0004 recon=0.00207
[train] ep= 703 step= 176000 return= -98.932 len=250 success=False alpha=0.0004 recon=0.00210
[train] ep= 704 step= 176250 return=-102.200 len=250 success=False alpha=0.0004 recon=0.00207
[train] ep= 705 step= 176500 return= -81.499 len=250 success=False alpha=0.0004 recon=0.00209
[train] ep= 706 step= 176750 return= -66.942 len=250 success=False alpha=0.0004 recon=0.00207
[train] ep= 707 step= 177000 return= -84.006 len=250 success=False alpha=0.0004 recon=0.00204
[train] ep= 708 step= 177250 return= -81.787 len=250 success=False alpha=0.0004 recon=0.00209
[train] ep= 709 step= 177500 return=-112.235 len=250 success=False alpha=0.0003 recon=0.00208
[train] ep= 710 step= 177750 return= -88.073 len=250 success=False alpha=0.0003 recon=0.00208
[train] ep= 711 step= 178000 return=-101.956 len=250 success=False alpha=0.0003 recon=0.00207
[train] ep= 712 step= 178250 return= -96.781 len=250 success=False alpha=0.0003 recon=0.00205
[train] ep= 713 step= 178500 return= -91.117 len=250 success=False alpha=0.0003 recon=0.00205
[train] ep= 714 step= 178750 return= -93.225 len=250 success=False alpha=0.0003 recon=0.00206
[train] ep= 715 step= 179000 return= -85.252 len=250 success=False alpha=0.0003 recon=0.00209
[train] ep= 716 step= 179250 return=-100.765 len=250 success=False alpha=0.0003 recon=0.00205
[train] ep= 717 step= 179500 return= -87.161 len=250 success=False alpha=0.0003 recon=0.00207
[train] ep= 718 step= 179750 return=-103.794 len=250 success=False alpha=0.0003 recon=0.00209
[eval] step= 180000 reward= -95.933 success=  0.0%
[train] ep= 719 step= 180000 return=-113.040 len=250 success=False alpha=0.0003 recon=0.00205
[train] ep= 720 step= 180250 return= -79.068 len=250 success=False alpha=0.0003 recon=0.00209
[train] ep= 721 step= 180500 return= -57.455 len=250 success=False alpha=0.0004 recon=0.00204
[train] ep= 722 step= 180750 return= -62.803 len=250 success=False alpha=0.0004 recon=0.00208
[train] ep= 723 step= 181000 return= -60.581 len=250 success=False alpha=0.0005 recon=0.00209
[train] ep= 724 step= 181250 return= -85.282 len=250 success=False alpha=0.0005 recon=0.00203
[train] ep= 725 step= 181500 return= -89.920 len=250 success=False alpha=0.0006 recon=0.00207
[train] ep= 726 step= 181750 return= -81.562 len=250 success=False alpha=0.0008 recon=0.00205
[train] ep= 727 step= 182000 return=-100.047 len=250 success=False alpha=0.0009 recon=0.00207
[train] ep= 728 step= 182250 return=-106.435 len=250 success=False alpha=0.0009 recon=0.00207
[train] ep= 729 step= 182500 return=-107.910 len=250 success=False alpha=0.0009 recon=0.00203
[train] ep= 730 step= 182750 return= -86.977 len=250 success=False alpha=0.0009 recon=0.00207
[train] ep= 731 step= 183000 return= -98.104 len=250 success=False alpha=0.0008 recon=0.00208
[train] ep= 732 step= 183250 return= -75.145 len=250 success=False alpha=0.0010 recon=0.00207
[train] ep= 733 step= 183500 return=-136.020 len=250 success=False alpha=0.0011 recon=0.00210
[train] ep= 734 step= 183750 return=-124.468 len=250 success=False alpha=0.0010 recon=0.00205
[train] ep= 735 step= 184000 return=-133.509 len=250 success=False alpha=0.0009 recon=0.00207
[train] ep= 736 step= 184250 return=-101.699 len=250 success=False alpha=0.0010 recon=0.00206
[train] ep= 737 step= 184500 return=-117.474 len=250 success=False alpha=0.0011 recon=0.00209
[train] ep= 738 step= 184750 return=-131.318 len=250 success=False alpha=0.0012 recon=0.00208
[train] ep= 739 step= 185000 return= -91.842 len=250 success=False alpha=0.0013 recon=0.00209
[train] ep= 740 step= 185250 return=-118.000 len=250 success=False alpha=0.0012 recon=0.00209
[train] ep= 741 step= 185500 return= -74.265 len=250 success=False alpha=0.0011 recon=0.00209
[train] ep= 742 step= 185750 return=-108.456 len=250 success=False alpha=0.0011 recon=0.00209
[train] ep= 743 step= 186000 return= -81.325 len=250 success=False alpha=0.0010 recon=0.00203
[train] ep= 744 step= 186250 return= -90.308 len=250 success=False alpha=0.0009 recon=0.00201
[train] ep= 745 step= 186500 return= -90.781 len=250 success=False alpha=0.0009 recon=0.00205
[train] ep= 746 step= 186750 return=-115.234 len=250 success=False alpha=0.0009 recon=0.00203
[train] ep= 747 step= 187000 return= -68.020 len=250 success=False alpha=0.0009 recon=0.00208
[train] ep= 748 step= 187250 return= -68.142 len=250 success=False alpha=0.0008 recon=0.00206
[train] ep= 749 step= 187500 return= -76.975 len=250 success=False alpha=0.0008 recon=0.00204
[train] ep= 750 step= 187750 return= -94.160 len=250 success=False alpha=0.0008 recon=0.00206
[train] ep= 751 step= 188000 return= -67.636 len=250 success=False alpha=0.0009 recon=0.00204
[train] ep= 752 step= 188250 return= -79.113 len=250 success=False alpha=0.0011 recon=0.00206
[train] ep= 753 step= 188500 return= -95.814 len=250 success=False alpha=0.0013 recon=0.00207
[train] ep= 754 step= 188750 return= -79.072 len=250 success=False alpha=0.0014 recon=0.00203
[train] ep= 755 step= 189000 return= -91.144 len=250 success=False alpha=0.0013 recon=0.00208
[train] ep= 756 step= 189250 return= -99.956 len=250 success=False alpha=0.0012 recon=0.00204
[train] ep= 757 step= 189500 return= -79.622 len=250 success=False alpha=0.0011 recon=0.00205
[train] ep= 758 step= 189750 return= -73.794 len=250 success=False alpha=0.0010 recon=0.00208
[eval] step= 190000 reward= -80.456 success=  0.0%
[train] ep= 759 step= 190000 return= -85.665 len=250 success=False alpha=0.0009 recon=0.00207
[train] ep= 760 step= 190250 return= -87.716 len=250 success=False alpha=0.0009 recon=0.00205
[train] ep= 761 step= 190500 return= -84.866 len=250 success=False alpha=0.0011 recon=0.00206
[train] ep= 762 step= 190750 return= -74.057 len=250 success=False alpha=0.0011 recon=0.00212
[train] ep= 763 step= 191000 return= -82.143 len=250 success=False alpha=0.0010 recon=0.00206
[train] ep= 764 step= 191250 return=-114.206 len=250 success=False alpha=0.0010 recon=0.00207
[train] ep= 765 step= 191500 return= -86.790 len=250 success=False alpha=0.0010 recon=0.00207
[train] ep= 766 step= 191750 return= -84.516 len=250 success=False alpha=0.0009 recon=0.00208
[train] ep= 767 step= 192000 return= -80.963 len=250 success=False alpha=0.0009 recon=0.00206
[train] ep= 768 step= 192250 return=-134.266 len=250 success=False alpha=0.0009 recon=0.00209
[train] ep= 769 step= 192500 return=-106.213 len=250 success=False alpha=0.0008 recon=0.00207
[train] ep= 770 step= 192750 return= -55.575 len=250 success=False alpha=0.0008 recon=0.00208
[train] ep= 771 step= 193000 return=-100.829 len=250 success=False alpha=0.0008 recon=0.00209
[train] ep= 772 step= 193250 return= -98.864 len=250 success=False alpha=0.0008 recon=0.00207
[train] ep= 773 step= 193500 return= -69.143 len=250 success=False alpha=0.0008 recon=0.00207
[train] ep= 774 step= 193750 return=-119.297 len=250 success=False alpha=0.0009 recon=0.00211
[train] ep= 775 step= 194000 return= -80.829 len=250 success=False alpha=0.0008 recon=0.00205
[train] ep= 776 step= 194250 return= -84.768 len=250 success=False alpha=0.0008 recon=0.00213
[train] ep= 777 step= 194500 return= -82.475 len=250 success=False alpha=0.0008 recon=0.00208
[train] ep= 778 step= 194750 return= -87.323 len=250 success=False alpha=0.0007 recon=0.00211
[train] ep= 779 step= 195000 return= -79.860 len=250 success=False alpha=0.0007 recon=0.00209
[train] ep= 780 step= 195250 return=-112.231 len=250 success=False alpha=0.0006 recon=0.00210
[train] ep= 781 step= 195500 return= -90.967 len=250 success=False alpha=0.0006 recon=0.00207
[train] ep= 782 step= 195750 return=-128.675 len=250 success=False alpha=0.0006 recon=0.00209
[train] ep= 783 step= 196000 return= -86.352 len=250 success=False alpha=0.0005 recon=0.00209
[train] ep= 784 step= 196247 return= -40.027 len=247 success=True alpha=0.0006 recon=0.00209
[train] ep= 785 step= 196497 return= -89.845 len=250 success=False alpha=0.0006 recon=0.00209
[train] ep= 786 step= 196747 return=-123.376 len=250 success=False alpha=0.0007 recon=0.00209
[train] ep= 787 step= 196997 return= -70.807 len=250 success=False alpha=0.0008 recon=0.00210
[train] ep= 788 step= 197247 return=-121.594 len=250 success=False alpha=0.0008 recon=0.00212
[train] ep= 789 step= 197497 return= -73.118 len=250 success=False alpha=0.0008 recon=0.00210
[train] ep= 790 step= 197747 return= -92.237 len=250 success=False alpha=0.0008 recon=0.00211
[train] ep= 791 step= 197997 return=-116.884 len=250 success=False alpha=0.0007 recon=0.00210
[train] ep= 792 step= 198247 return= -69.209 len=250 success=False alpha=0.0008 recon=0.00211
[train] ep= 793 step= 198497 return=-132.140 len=250 success=False alpha=0.0008 recon=0.00213
[train] ep= 794 step= 198747 return=-121.311 len=250 success=False alpha=0.0008 recon=0.00205
[train] ep= 795 step= 198997 return= -75.836 len=250 success=False alpha=0.0008 recon=0.00210
[train] ep= 796 step= 199247 return= -95.251 len=250 success=False alpha=0.0009 recon=0.00211
[train] ep= 797 step= 199497 return=-167.578 len=250 success=False alpha=0.0010 recon=0.00218
[train] ep= 798 step= 199747 return= -68.450 len=250 success=False alpha=0.0009 recon=0.00209
[train] ep= 799 step= 199997 return= -74.488 len=250 success=False alpha=0.0008 recon=0.00211
[eval] step= 200000 reward= -62.902 success=  0.0%
